android/app/build/outputs/logs/manifest-merger-release-report.txt
-- Merging decision tree log ---
manifest
ADDED from src/main/AndroidManifest.xml:1:1-38:12
INJECTED from src/main/AndroidManifest.xml:1:1-38:12
INJECTED from src/main/AndroidManifest.xml:1:1-38:12
INJECTED from src/main/AndroidManifest.xml:1:1-38:12
MERGED from [:react-native-image-picker] AndroidManifest.xml:2:1-23:12
MERGED from [:react-native-camera] AndroidManifest.xml:2:1-20:12
MERGED from [:react-native-vector-icons] AndroidManifest.xml:2:1-11:12
MERGED from [com.facebook.react:react-native:0.52.0] AndroidManifest.xml:2:1-15:12
MERGED from [com.android.support:appcompat-v7:23.0.1] AndroidManifest.xml:17:1-24:12
MERGED from [com.android.support:multidex:1.0.2] AndroidManifest.xml:17:1-22:12
MERGED from [com.google.android.gms:play-services-vision:11.8.0] AndroidManifest.xml:2:1-9:12
MERGED from [com.android.support:exifinterface:28.0.0-alpha1] AndroidManifest.xml:17:1-23:12
MERGED from [com.github.react-native-community:cameraview:cc47bb28ed2fc54a8c56a4ce9ce53edd1f0af3a5] AndroidManifest.xml:14:1-30:12
MERGED from [com.google.android.gms:play-services-vision-common:11.8.0] AndroidManifest.xml:2:1-9:12
MERGED from [com.google.android.gms:play-services-base:11.8.0] AndroidManifest.xml:17:1-29:12
MERGED from [com.google.android.gms:play-services-tasks:11.8.0] AndroidManifest.xml:2:1-9:12
MERGED from [com.google.android.gms:play-services-basement:11.8.0] AndroidManifest.xml:17:1-28:12
MERGED from [com.android.support:support-v4:26.0.1] AndroidManifest.xml:17:1-31:12
MERGED from [com.facebook.fbui.textlayoutbuilder:textlayoutbuilder:1.0.0] AndroidManifest.xml:10:1-18:12
MERGED from [com.facebook.fresco:fresco:1.3.0] AndroidManifest.xml:2:1-9:12
MERGED from [com.facebook.fresco:imagepipeline-okhttp3:1.3.0] AndroidManifest.xml:2:1-9:12
MERGED from [com.facebook.soloader:soloader:0.1.0] AndroidManifest.xml:1:1-4:12
MERGED from [org.webkit:android-jsc:r174650] AndroidManifest.xml:1:1-3:12
MERGED from [com.google.android.gms:play-services-vision-license:11.8.0] AndroidManifest.xml:2:1-6:12
MERGED from [com.android.support:support-media-compat:26.0.1] AndroidManifest.xml:17:1-31:12
MERGED from [com.android.support:support-fragment:26.0.1] AndroidManifest.xml:17:1-31:12
MERGED from [com.android.support:support-core-utils:26.0.1] AndroidManifest.xml:17:1-31:12
MERGED from [com.android.support:support-core-ui:26.0.1] AndroidManifest.xml:17:1-31:12
MERGED from [com.android.support:support-compat:26.0.1] AndroidManifest.xml:17:1-31:12
MERGED from [com.facebook.fresco:drawee:1.3.0] AndroidManifest.xml:2:1-9:12
MERGED from [com.facebook.fresco:imagepipeline:1.3.0] AndroidManifest.xml:2:1-9:12
MERGED from [com.facebook.fresco:imagepipeline-base:1.3.0] AndroidManifest.xml:2:1-9:12
MERGED from [com.facebook.fresco:fbcore:1.3.0] AndroidManifest.xml:2:1-9:12
MERGED from [com.google.android.gms:play-services-base-license:11.8.0] AndroidManifest.xml:2:1-6:12
MERGED from [com.google.android.gms:play-services-basement-license:11.8.0] AndroidManifest.xml:2:1-6:12
MERGED from [com.google.android.gms:play-services-vision-common-license:11.8.0] AndroidManifest.xml:2:1-6:12
MERGED from [com.google.android.gms:play-services-tasks-license:11.8.0] AndroidManifest.xml:2:1-6:12
INJECTED from src/main/AndroidManifest.xml:1:1-38:12
INJECTED from src/main/AndroidManifest.xml:1:1-38:12
INJECTED from src/main/AndroidManifest.xml:1:1-38:12
	package
		ADDED from src/main/AndroidManifest.xml:2:5-29
		INJECTED from src/main/AndroidManifest.xml
		INJECTED from src/main/AndroidManifest.xml
	android:versionName
		ADDED from src/main/AndroidManifest.xml:4:5-30
		INJECTED from src/main/AndroidManifest.xml
		INJECTED from src/main/AndroidManifest.xml
	xmlns:android
		ADDED from src/main/AndroidManifest.xml:1:11-69
	android:versionCode
		ADDED from src/main/AndroidManifest.xml:3:5-28
		INJECTED from src/main/AndroidManifest.xml
		INJECTED from src/main/AndroidManifest.xml
uses-permission#android.permission.INTERNET
ADDED from src/main/AndroidManifest.xml:6:5-67
	android:name
		ADDED from src/main/AndroidManifest.xml:6:22-64
uses-permission#android.permission.SYSTEM_ALERT_WINDOW
ADDED from src/main/AndroidManifest.xml:7:5-77
MERGED from [com.facebook.react:react-native:0.52.0] AndroidManifest.xml:11:5-78
MERGED from [com.facebook.react:react-native:0.52.0] AndroidManifest.xml:11:5-78
	android:name
		ADDED from src/main/AndroidManifest.xml:7:22-75
uses-permission#android.permission.CAMERA
ADDED from src/main/AndroidManifest.xml:8:5-65
MERGED from [:react-native-camera] AndroidManifest.xml:11:5-65
MERGED from [:react-native-camera] AndroidManifest.xml:11:5-65
MERGED from [com.github.react-native-community:cameraview:cc47bb28ed2fc54a8c56a4ce9ce53edd1f0af3a5] AndroidManifest.xml:21:5-65
MERGED from [com.github.react-native-community:cameraview:cc47bb28ed2fc54a8c56a4ce9ce53edd1f0af3a5] AndroidManifest.xml:21:5-65
	android:name
		ADDED from src/main/AndroidManifest.xml:8:22-62
uses-permission#android.permission.RECORD_AUDIO
ADDED from src/main/AndroidManifest.xml:9:5-70
	android:name
		ADDED from src/main/AndroidManifest.xml:9:22-68
uses-permission#android.permission.RECORD_VIDEO
ADDED from src/main/AndroidManifest.xml:10:5-70
	android:name
		ADDED from src/main/AndroidManifest.xml:10:22-68
uses-permission#android.permission.READ_EXTERNAL_STORAGE
ADDED from src/main/AndroidManifest.xml:11:5-80
	android:name
		ADDED from src/main/AndroidManifest.xml:11:22-77
uses-permission#android.permission.WRITE_EXTERNAL_STORAGE
ADDED from src/main/AndroidManifest.xml:12:5-81
	android:name
		ADDED from src/main/AndroidManifest.xml:12:22-78
uses-permission#android.permission.ACCESS_NETWORK_STATE
ADDED from src/main/AndroidManifest.xml:13:5-78
	android:name
		ADDED from src/main/AndroidManifest.xml:13:22-76
uses-sdk
ADDED from src/main/AndroidManifest.xml:15:5-17:41
INJECTED from src/main/AndroidManifest.xml:15:5-17:41
INJECTED from src/main/AndroidManifest.xml:15:5-17:41
MERGED from [:react-native-image-picker] AndroidManifest.xml:7:5-9:41
MERGED from [:react-native-image-picker] AndroidManifest.xml:7:5-9:41
MERGED from [:react-native-camera] AndroidManifest.xml:7:5-9:41
MERGED from [:react-native-camera] AndroidManifest.xml:7:5-9:41
MERGED from [:react-native-vector-icons] AndroidManifest.xml:7:5-9:41
MERGED from [:react-native-vector-icons] AndroidManifest.xml:7:5-9:41
MERGED from [com.facebook.react:react-native:0.52.0] AndroidManifest.xml:7:5-9:41
MERGED from [com.facebook.react:react-native:0.52.0] AndroidManifest.xml:7:5-9:41
MERGED from [com.android.support:appcompat-v7:23.0.1] AndroidManifest.xml:20:5-43
MERGED from [com.android.support:appcompat-v7:23.0.1] AndroidManifest.xml:20:5-43
MERGED from [com.android.support:multidex:1.0.2] AndroidManifest.xml:20:5-43
MERGED from [com.android.support:multidex:1.0.2] AndroidManifest.xml:20:5-43
MERGED from [com.google.android.gms:play-services-vision:11.8.0] AndroidManifest.xml:5:5-44
MERGED from [com.google.android.gms:play-services-vision:11.8.0] AndroidManifest.xml:5:5-44
MERGED from [com.android.support:exifinterface:28.0.0-alpha1] AndroidManifest.xml:21:5-44
MERGED from [com.android.support:exifinterface:28.0.0-alpha1] AndroidManifest.xml:21:5-44
MERGED from [com.github.react-native-community:cameraview:cc47bb28ed2fc54a8c56a4ce9ce53edd1f0af3a5] AndroidManifest.xml:17:5-19:41
MERGED from [com.github.react-native-community:cameraview:cc47bb28ed2fc54a8c56a4ce9ce53edd1f0af3a5] AndroidManifest.xml:17:5-19:41
MERGED from [com.google.android.gms:play-services-vision-common:11.8.0] AndroidManifest.xml:5:5-44
MERGED from [com.google.android.gms:play-services-vision-common:11.8.0] AndroidManifest.xml:5:5-44
MERGED from [com.google.android.gms:play-services-base:11.8.0] AndroidManifest.xml:20:5-44
MERGED from [com.google.android.gms:play-services-base:11.8.0] AndroidManifest.xml:20:5-44
MERGED from [com.google.android.gms:play-services-tasks:11.8.0] AndroidManifest.xml:5:5-44
MERGED from [com.google.android.gms:play-services-tasks:11.8.0] AndroidManifest.xml:5:5-44
MERGED from [com.google.android.gms:play-services-basement:11.8.0] AndroidManifest.xml:20:5-44
MERGED from [com.google.android.gms:play-services-basement:11.8.0] AndroidManifest.xml:20:5-44
MERGED from [com.android.support:support-v4:26.0.1] AndroidManifest.xml:21:5-23:54
MERGED from [com.android.support:support-v4:26.0.1] AndroidManifest.xml:21:5-23:54
MERGED from [com.facebook.fbui.textlayoutbuilder:textlayoutbuilder:1.0.0] AndroidManifest.xml:14:5-16:41
MERGED from [com.facebook.fbui.textlayoutbuilder:textlayoutbuilder:1.0.0] AndroidManifest.xml:14:5-16:41
MERGED from [com.facebook.fresco:fresco:1.3.0] AndroidManifest.xml:5:5-7:41
MERGED from [com.facebook.fresco:fresco:1.3.0] AndroidManifest.xml:5:5-7:41
MERGED from [com.facebook.fresco:imagepipeline-okhttp3:1.3.0] AndroidManifest.xml:5:5-7:41
MERGED from [com.facebook.fresco:imagepipeline-okhttp3:1.3.0] AndroidManifest.xml:5:5-7:41
MERGED from [com.facebook.soloader:soloader:0.1.0] AndroidManifest.xml:2:3-70
MERGED from [com.facebook.soloader:soloader:0.1.0] AndroidManifest.xml:2:3-70
MERGED from [com.google.android.gms:play-services-vision-license:11.8.0] AndroidManifest.xml:4:5-43
MERGED from [com.google.android.gms:play-services-vision-license:11.8.0] AndroidManifest.xml:4:5-43
MERGED from [com.android.support:support-media-compat:26.0.1] AndroidManifest.xml:21:5-23:63
MERGED from [com.android.support:support-media-compat:26.0.1] AndroidManifest.xml:21:5-23:63
MERGED from [com.android.support:support-fragment:26.0.1] AndroidManifest.xml:21:5-23:60
MERGED from [com.android.support:support-fragment:26.0.1] AndroidManifest.xml:21:5-23:60
MERGED from [com.android.support:support-core-utils:26.0.1] AndroidManifest.xml:21:5-23:61
MERGED from [com.android.support:support-core-utils:26.0.1] AndroidManifest.xml:21:5-23:61
MERGED from [com.android.support:support-core-ui:26.0.1] AndroidManifest.xml:21:5-23:58
MERGED from [com.android.support:support-core-ui:26.0.1] AndroidManifest.xml:21:5-23:58
MERGED from [com.android.support:support-compat:26.0.1] AndroidManifest.xml:21:5-23:58
MERGED from [com.android.support:support-compat:26.0.1] AndroidManifest.xml:21:5-23:58
MERGED from [com.facebook.fresco:drawee:1.3.0] AndroidManifest.xml:5:5-7:41
MERGED from [com.facebook.fresco:drawee:1.3.0] AndroidManifest.xml:5:5-7:41
MERGED from [com.facebook.fresco:imagepipeline:1.3.0] AndroidManifest.xml:5:5-7:41
MERGED from [com.facebook.fresco:imagepipeline:1.3.0] AndroidManifest.xml:5:5-7:41
MERGED from [com.facebook.fresco:imagepipeline-base:1.3.0] AndroidManifest.xml:5:5-7:41
MERGED from [com.facebook.fresco:imagepipeline-base:1.3.0] AndroidManifest.xml:5:5-7:41
MERGED from [com.facebook.fresco:fbcore:1.3.0] AndroidManifest.xml:5:5-7:41
MERGED from [com.facebook.fresco:fbcore:1.3.0] AndroidManifest.xml:5:5-7:41
MERGED from [com.google.android.gms:play-services-base-license:11.8.0] AndroidManifest.xml:4:5-43
MERGED from [com.google.android.gms:play-services-base-license:11.8.0] AndroidManifest.xml:4:5-43
MERGED from [com.google.android.gms:play-services-basement-license:11.8.0] AndroidManifest.xml:4:5-43
MERGED from [com.google.android.gms:play-services-basement-license:11.8.0] AndroidManifest.xml:4:5-43
MERGED from [com.google.android.gms:play-services-vision-common-license:11.8.0] AndroidManifest.xml:4:5-43
MERGED from [com.google.android.gms:play-services-vision-common-license:11.8.0] AndroidManifest.xml:4:5-43
MERGED from [com.google.android.gms:play-services-tasks-license:11.8.0] AndroidManifest.xml:4:5-43
MERGED from [com.google.android.gms:play-services-tasks-license:11.8.0] AndroidManifest.xml:4:5-43
INJECTED from src/main/AndroidManifest.xml:15:5-17:41
INJECTED from src/main/AndroidManifest.xml:15:5-17:41
	tools:overrideLibrary
		ADDED from [com.android.support:support-v4:26.0.1] AndroidManifest.xml:23:9-51
	android:targetSdkVersion
		ADDED from src/main/AndroidManifest.xml:17:9-38
		INJECTED from src/main/AndroidManifest.xml
		INJECTED from src/main/AndroidManifest.xml
	android:minSdkVersion
		ADDED from src/main/AndroidManifest.xml:16:9-35
		INJECTED from src/main/AndroidManifest.xml
		INJECTED from src/main/AndroidManifest.xml
application
ADDED from src/main/AndroidManifest.xml:19:5-36:19
MERGED from [:react-native-image-picker] AndroidManifest.xml:11:5-21:19
MERGED from [:react-native-image-picker] AndroidManifest.xml:11:5-21:19
MERGED from [com.facebook.react:react-native:0.52.0] AndroidManifest.xml:13:5-20
MERGED from [com.facebook.react:react-native:0.52.0] AndroidManifest.xml:13:5-20
MERGED from [com.android.support:appcompat-v7:23.0.1] AndroidManifest.xml:22:5-20
MERGED from [com.android.support:appcompat-v7:23.0.1] AndroidManifest.xml:22:5-20
MERGED from [com.google.android.gms:play-services-vision:11.8.0] AndroidManifest.xml:7:5-20
MERGED from [com.google.android.gms:play-services-vision:11.8.0] AndroidManifest.xml:7:5-20
MERGED from [com.github.react-native-community:cameraview:cc47bb28ed2fc54a8c56a4ce9ce53edd1f0af3a5] AndroidManifest.xml:28:5-20
MERGED from [com.github.react-native-community:cameraview:cc47bb28ed2fc54a8c56a4ce9ce53edd1f0af3a5] AndroidManifest.xml:28:5-20
MERGED from [com.google.android.gms:play-services-vision-common:11.8.0] AndroidManifest.xml:7:5-20
MERGED from [com.google.android.gms:play-services-vision-common:11.8.0] AndroidManifest.xml:7:5-20
MERGED from [com.google.android.gms:play-services-base:11.8.0] AndroidManifest.xml:22:5-27:19
MERGED from [com.google.android.gms:play-services-base:11.8.0] AndroidManifest.xml:22:5-27:19
MERGED from [com.google.android.gms:play-services-tasks:11.8.0] AndroidManifest.xml:7:5-20
MERGED from [com.google.android.gms:play-services-tasks:11.8.0] AndroidManifest.xml:7:5-20
MERGED from [com.google.android.gms:play-services-basement:11.8.0] AndroidManifest.xml:22:5-26:19
MERGED from [com.google.android.gms:play-services-basement:11.8.0] AndroidManifest.xml:22:5-26:19
MERGED from [com.android.support:support-v4:26.0.1] AndroidManifest.xml:25:5-29:19
MERGED from [com.android.support:support-v4:26.0.1] AndroidManifest.xml:25:5-29:19
MERGED from [com.facebook.soloader:soloader:0.1.0] AndroidManifest.xml:3:3-17
MERGED from [com.facebook.soloader:soloader:0.1.0] AndroidManifest.xml:3:3-17
MERGED from [org.webkit:android-jsc:r174650] AndroidManifest.xml:2:3-17
MERGED from [org.webkit:android-jsc:r174650] AndroidManifest.xml:2:3-17
MERGED from [com.google.android.gms:play-services-vision-license:11.8.0] AndroidManifest.xml:5:5-20
MERGED from [com.google.android.gms:play-services-vision-license:11.8.0] AndroidManifest.xml:5:5-20
MERGED from [com.android.support:support-media-compat:26.0.1] AndroidManifest.xml:25:5-29:19
MERGED from [com.android.support:support-media-compat:26.0.1] AndroidManifest.xml:25:5-29:19
MERGED from [com.android.support:support-fragment:26.0.1] AndroidManifest.xml:25:5-29:19
MERGED from [com.android.support:support-fragment:26.0.1] AndroidManifest.xml:25:5-29:19
MERGED from [com.android.support:support-core-utils:26.0.1] AndroidManifest.xml:25:5-29:19
MERGED from [com.android.support:support-core-utils:26.0.1] AndroidManifest.xml:25:5-29:19
MERGED from [com.android.support:support-core-ui:26.0.1] AndroidManifest.xml:25:5-29:19
MERGED from [com.android.support:support-core-ui:26.0.1] AndroidManifest.xml:25:5-29:19
MERGED from [com.android.support:support-compat:26.0.1] AndroidManifest.xml:25:5-29:19
MERGED from [com.android.support:support-compat:26.0.1] AndroidManifest.xml:25:5-29:19
MERGED from [com.google.android.gms:play-services-base-license:11.8.0] AndroidManifest.xml:5:5-20
MERGED from [com.google.android.gms:play-services-base-license:11.8.0] AndroidManifest.xml:5:5-20
MERGED from [com.google.android.gms:play-services-basement-license:11.8.0] AndroidManifest.xml:5:5-20
MERGED from [com.google.android.gms:play-services-basement-license:11.8.0] AndroidManifest.xml:5:5-20
MERGED from [com.google.android.gms:play-services-vision-common-license:11.8.0] AndroidManifest.xml:5:5-20
MERGED from [com.google.android.gms:play-services-vision-common-license:11.8.0] AndroidManifest.xml:5:5-20
MERGED from [com.google.android.gms:play-services-tasks-license:11.8.0] AndroidManifest.xml:5:5-20
MERGED from [com.google.android.gms:play-services-tasks-license:11.8.0] AndroidManifest.xml:5:5-20
	android:label
		ADDED from src/main/AndroidManifest.xml:22:7-39
	android:icon
		ADDED from src/main/AndroidManifest.xml:23:7-41
	android:allowBackup
		ADDED from src/main/AndroidManifest.xml:21:7-33
	android:theme
		ADDED from src/main/AndroidManifest.xml:24:7-38
	android:name
		ADDED from src/main/AndroidManifest.xml:20:7-38
activity#com.exampleapp.MainActivity
ADDED from src/main/AndroidManifest.xml:25:7-34:18
	android:label
		ADDED from src/main/AndroidManifest.xml:27:9-41
	android:windowSoftInputMode
		ADDED from src/main/AndroidManifest.xml:29:9-51
	android:configChanges
		ADDED from src/main/AndroidManifest.xml:28:9-79
	android:name
		ADDED from src/main/AndroidManifest.xml:26:9-37
intent-filter#android.intent.action.MAIN+android.intent.category.LAUNCHER
ADDED from src/main/AndroidManifest.xml:30:9-33:25
action#android.intent.action.MAIN
ADDED from src/main/AndroidManifest.xml:31:13-65
	android:name
		ADDED from src/main/AndroidManifest.xml:31:21-62
category#android.intent.category.LAUNCHER
ADDED from src/main/AndroidManifest.xml:32:13-73
	android:name
		ADDED from src/main/AndroidManifest.xml:32:23-70
activity#com.facebook.react.devsupport.DevSettingsActivity
ADDED from src/main/AndroidManifest.xml:35:7-84
	android:name
		ADDED from src/main/AndroidManifest.xml:35:17-81
provider#android.support.v4.content.FileProvider
ADDED from [:react-native-image-picker] AndroidManifest.xml:12:9-20:20
	android:grantUriPermissions
		ADDED from [:react-native-image-picker] AndroidManifest.xml:16:13-47
	android:authorities
		ADDED from [:react-native-image-picker] AndroidManifest.xml:14:13-60
	android:exported
		ADDED from [:react-native-image-picker] AndroidManifest.xml:15:13-37
	android:name
		ADDED from [:react-native-image-picker] AndroidManifest.xml:13:13-67
meta-data#android.support.FILE_PROVIDER_PATHS
ADDED from [:react-native-image-picker] AndroidManifest.xml:17:13-19:58
	android:resource
		ADDED from [:react-native-image-picker] AndroidManifest.xml:19:17-55
	android:name
		ADDED from [:react-native-image-picker] AndroidManifest.xml:18:17-67
uses-feature#android.hardware.camera
ADDED from [:react-native-camera] AndroidManifest.xml:13:5-15:36
MERGED from [com.github.react-native-community:cameraview:cc47bb28ed2fc54a8c56a4ce9ce53edd1f0af3a5] AndroidManifest.xml:23:5-60
MERGED from [com.github.react-native-community:cameraview:cc47bb28ed2fc54a8c56a4ce9ce53edd1f0af3a5] AndroidManifest.xml:23:5-60
	android:required
		ADDED from [:react-native-camera] AndroidManifest.xml:15:9-33
		MERGED from src/main/AndroidManifest.xml:13:5-15:36
	android:name
		ADDED from [:react-native-camera] AndroidManifest.xml:14:9-47
uses-feature#android.hardware.camera.autofocus
ADDED from [:react-native-camera] AndroidManifest.xml:16:5-18:36
MERGED from [com.github.react-native-community:cameraview:cc47bb28ed2fc54a8c56a4ce9ce53edd1f0af3a5] AndroidManifest.xml:24:5-26:36
MERGED from [com.github.react-native-community:cameraview:cc47bb28ed2fc54a8c56a4ce9ce53edd1f0af3a5] AndroidManifest.xml:24:5-26:36
	android:required
		ADDED from [:react-native-camera] AndroidManifest.xml:18:9-33
	android:name
		ADDED from [:react-native-camera] AndroidManifest.xml:17:9-57
activity#com.google.android.gms.common.api.GoogleApiActivity
ADDED from [com.google.android.gms:play-services-base:11.8.0] AndroidManifest.xml:23:9-26:75
	android:exported
		ADDED from [com.google.android.gms:play-services-base:11.8.0] AndroidManifest.xml:25:13-37
	android:theme
		ADDED from [com.google.android.gms:play-services-base:11.8.0] AndroidManifest.xml:26:13-72
	android:name
		ADDED from [com.google.android.gms:play-services-base:11.8.0] AndroidManifest.xml:24:13-79
meta-data#com.google.android.gms.version
ADDED from [com.google.android.gms:play-services-basement:11.8.0] AndroidManifest.xml:23:9-25:69
	android:value
		ADDED from [com.google.android.gms:play-services-basement:11.8.0] AndroidManifest.xml:25:13-66
	android:name
		ADDED from [com.google.android.gms:play-services-basement:11.8.0] AndroidManifest.xml:24:13-58
meta-data#android.support.VERSION
ADDED from [com.android.support:support-v4:26.0.1] AndroidManifest.xml:26:9-28:38
MERGED from [com.android.support:support-media-compat:26.0.1] AndroidManifest.xml:26:9-28:38
MERGED from [com.android.support:support-media-compat:26.0.1] AndroidManifest.xml:26:9-28:38
MERGED from [com.android.support:support-fragment:26.0.1] AndroidManifest.xml:26:9-28:38
MERGED from [com.android.support:support-fragment:26.0.1] AndroidManifest.xml:26:9-28:38
MERGED from [com.android.support:support-core-utils:26.0.1] AndroidManifest.xml:26:9-28:38
MERGED from [com.android.support:support-core-utils:26.0.1] AndroidManifest.xml:26:9-28:38
MERGED from [com.android.support:support-core-ui:26.0.1] AndroidManifest.xml:26:9-28:38
MERGED from [com.android.support:support-core-ui:26.0.1] AndroidManifest.xml:26:9-28:38
MERGED from [com.android.support:support-compat:26.0.1] AndroidManifest.xml:26:9-28:38
MERGED from [com.android.support:support-compat:26.0.1] AndroidManifest.xml:26:9-28:38
	android:value
		ADDED from [com.android.support:support-v4:26.0.1] AndroidManifest.xml:28:13-35
	android:name
		ADDED from [com.android.support:support-v4:26.0.1] AndroidManifest.xml:27:13-51
uses-permission#android.permission.READ_PHONE_STATE
IMPLIED from src/main/AndroidManifest.xml:1:1-38:12 reason: org.webkit.android_jsc has a targetSdkVersion < 4